2020-08-07 14:18:40,205 - qsp_logger - INFO - Dephostatin
2020-08-07 14:18:40,236 - qsp_logger - INFO - start - 9606.ENSP00000391592 - 9606.ENSP00000446271
2020-08-07 14:18:45,103 - qsp_logger - INFO - end - 9606.ENSP00000391592 - 9606.ENSP00000446271 - 2.664
2020-08-07 14:18:45,104 - qsp_logger - INFO - start - 9606.ENSP00000391592 - 9606.ENSP00000276927
2020-08-07 14:18:45,715 - qsp_logger - INFO - end - 9606.ENSP00000391592 - 9606.ENSP00000276927 - 1.727
2020-08-07 14:18:45,716 - qsp_logger - INFO - start - 9606.ENSP00000391592 - 9606.ENSP00000233057
2020-08-07 14:18:46,377 - qsp_logger - INFO - end - 9606.ENSP00000391592 - 9606.ENSP00000233057 - 1.748
2020-08-07 14:18:46,377 - qsp_logger - INFO - start - 9606.ENSP00000391592 - 9606.ENSP00000357123
2020-08-07 14:18:47,134 - qsp_logger - INFO - end - 9606.ENSP00000391592 - 9606.ENSP00000357123 - 1.748
2020-08-07 14:18:47,134 - qsp_logger - INFO - start - 9606.ENSP00000391592 - 9606.ENSP00000357459
2020-08-07 14:18:49,502 - qsp_logger - INFO - end - 9606.ENSP00000391592 - 9606.ENSP00000357459 - 1.804
2020-08-07 14:18:49,505 - qsp_logger - INFO - start - 9606.ENSP00000391592 - 9606.ENSP00000258080
2020-08-07 14:18:53,779 - qsp_logger - INFO - end - 9606.ENSP00000391592 - 9606.ENSP00000258080 - 2.646
2020-08-07 14:18:53,779 - qsp_logger - INFO - start - 9606.ENSP00000391592 - 9606.ENSP00000355988
2020-08-07 14:18:55,202 - qsp_logger - INFO - end - 9606.ENSP00000391592 - 9606.ENSP00000355988 - 1.8
2020-08-07 14:18:55,202 - qsp_logger - INFO - start - 9606.ENSP00000391592 - 9606.ENSP00000368632
2020-08-07 14:18:56,423 - qsp_logger - INFO - end - 9606.ENSP00000391592 - 9606.ENSP00000368632 - 1.8
2020-08-07 14:18:56,424 - qsp_logger - INFO - start - 9606.ENSP00000391592 - 9606.ENSP00000395590
2020-08-07 14:18:58,990 - qsp_logger - INFO - end - 9606.ENSP00000391592 - 9606.ENSP00000395590 - 1.807
2020-08-07 14:18:58,990 - qsp_logger - INFO - start - 9606.ENSP00000391592 - 9606.ENSP00000380073
2020-08-07 14:18:59,998 - qsp_logger - INFO - end - 9606.ENSP00000391592 - 9606.ENSP00000380073 - 1.8
2020-08-07 14:18:59,999 - qsp_logger - INFO - start - 9606.ENSP00000391592 - 9606.ENSP00000259951
2020-08-07 14:19:00,213 - qsp_logger - INFO - end - 9606.ENSP00000391592 - 9606.ENSP00000259951 - 1.617
2020-08-07 14:19:00,213 - qsp_logger - INFO - start - 9606.ENSP00000391592 - 9606.ENSP00000471896
2020-08-07 14:19:01,152 - qsp_logger - INFO - end - 9606.ENSP00000391592 - 9606.ENSP00000471896 - 1.8
2020-08-07 14:19:01,153 - qsp_logger - INFO - start - 9606.ENSP00000391592 - 9606.ENSP00000370343
2020-08-07 14:19:02,516 - qsp_logger - INFO - end - 9606.ENSP00000391592 - 9606.ENSP00000370343 - 1.8
2020-08-07 14:19:02,517 - qsp_logger - INFO - start - 9606.ENSP00000391592 - 9606.ENSP00000357112
2020-08-07 14:19:02,696 - qsp_logger - INFO - end - 9606.ENSP00000391592 - 9606.ENSP00000357112 - 1.623
2020-08-07 14:19:02,697 - qsp_logger - INFO - start - 9606.ENSP00000391592 - 9606.ENSP00000357113
2020-08-07 14:19:05,823 - qsp_logger - INFO - end - 9606.ENSP00000391592 - 9606.ENSP00000357113 - 2.434
2020-08-07 14:19:05,828 - qsp_logger - INFO - start - 9606.ENSP00000391592 - 9606.ENSP00000422753
2020-08-07 14:19:10,236 - qsp_logger - INFO - end - 9606.ENSP00000391592 - 9606.ENSP00000422753 - 2.674
2020-08-07 14:19:10,237 - qsp_logger - INFO - start - 9606.ENSP00000391592 - 9606.ENSP00000431885
2020-08-07 14:19:10,409 - qsp_logger - INFO - end - 9606.ENSP00000391592 - 9606.ENSP00000431885 - 0.946
2020-08-07 14:19:10,409 - qsp_logger - INFO - start - 9606.ENSP00000391592 - 9606.ENSP00000369558
2020-08-07 14:19:10,430 - qsp_logger - INFO - end - 9606.ENSP00000391592 - 9606.ENSP00000369558 - 0.9
2020-08-07 14:19:10,430 - qsp_logger - INFO - start - 9606.ENSP00000391592 - 9606.ENSP00000369554
2020-08-07 14:19:10,456 - qsp_logger - INFO - end - 9606.ENSP00000391592 - 9606.ENSP00000369554 - 0.9
2020-08-07 14:19:10,456 - qsp_logger - INFO - start - 9606.ENSP00000391592 - 9606.ENSP00000369553
2020-08-07 14:19:10,478 - qsp_logger - INFO - end - 9606.ENSP00000391592 - 9606.ENSP00000369553 - 0.9
2020-08-07 14:19:10,478 - qsp_logger - INFO - start - 9606.ENSP00000391592 - 9606.ENSP00000354394
2020-08-07 14:19:10,773 - qsp_logger - INFO - end - 9606.ENSP00000391592 - 9606.ENSP00000354394 - 1.702
2020-08-07 14:19:10,773 - qsp_logger - INFO - start - 9606.ENSP00000391592 - 9606.ENSP00000382707
2020-08-07 14:19:13,206 - qsp_logger - INFO - end - 9606.ENSP00000391592 - 9606.ENSP00000382707 - 1.807
2020-08-07 14:19:13,206 - qsp_logger - INFO - start - 9606.ENSP00000391592 - 9606.ENSP00000261427
2020-08-07 14:19:15,252 - qsp_logger - INFO - end - 9606.ENSP00000391592 - 9606.ENSP00000261427 - 1.804
2020-08-07 14:19:15,252 - qsp_logger - INFO - start - 9606.ENSP00000391592 - 9606.ENSP00000483430
2020-08-07 14:19:17,189 - qsp_logger - INFO - end - 9606.ENSP00000391592 - 9606.ENSP00000483430 - 1.804
2020-08-07 14:19:17,189 - qsp_logger - INFO - start - 9606.ENSP00000391592 - 9606.ENSP00000315768
2020-08-07 14:19:17,300 - qsp_logger - INFO - end - 9606.ENSP00000391592 - 9606.ENSP00000315768 - 0.911
2020-08-07 14:19:17,300 - qsp_logger - INFO - start - 9606.ENSP00000391592 - 9606.ENSP00000215574
2020-08-07 14:19:19,404 - qsp_logger - INFO - end - 9606.ENSP00000391592 - 9606.ENSP00000215574 - 1.804
2020-08-07 14:19:19,405 - qsp_logger - INFO - start - 9606.ENSP00000391592 - 9606.ENSP00000343957
2020-08-07 14:19:19,704 - qsp_logger - INFO - end - 9606.ENSP00000391592 - 9606.ENSP00000343957 - 1.702
2020-08-07 14:19:19,705 - qsp_logger - INFO - start - 9606.ENSP00000391592 - 9606.ENSP00000228928
2020-08-07 14:19:21,598 - qsp_logger - INFO - end - 9606.ENSP00000391592 - 9606.ENSP00000228928 - 1.803
2020-08-07 14:19:21,598 - qsp_logger - INFO - start - 9606.ENSP00000391592 - 9606.ENSP00000296443
2020-08-07 14:19:26,220 - qsp_logger - INFO - end - 9606.ENSP00000391592 - 9606.ENSP00000296443 - 3.334
2020-08-07 14:19:26,221 - qsp_logger - INFO - start - 9606.ENSP00000391592 - 9606.ENSP00000340944
2020-08-07 14:19:26,353 - qsp_logger - INFO - end - 9606.ENSP00000391592 - 9606.ENSP00000340944 - 0.935
2020-08-07 14:19:26,354 - qsp_logger - INFO - start - 9606.ENSP00000391592 - 9606.ENSP00000369566
2020-08-07 14:19:26,374 - qsp_logger - INFO - end - 9606.ENSP00000391592 - 9606.ENSP00000369566 - 0.9
2020-08-07 14:19:26,374 - qsp_logger - INFO - start - 9606.ENSP00000391592 - 9606.ENSP00000369564
2020-08-07 14:19:26,394 - qsp_logger - INFO - end - 9606.ENSP00000391592 - 9606.ENSP00000369564 - 0.9
2020-08-07 14:19:26,395 - qsp_logger - INFO - start - 9606.ENSP00000391592 - 9606.ENSP00000268638
2020-08-07 14:19:28,624 - qsp_logger - INFO - end - 9606.ENSP00000391592 - 9606.ENSP00000268638 - 1.808
2020-08-07 14:19:28,624 - qsp_logger - INFO - start - 9606.ENSP00000391592 - 9606.ENSP00000349486
2020-08-07 14:19:31,836 - qsp_logger - INFO - end - 9606.ENSP00000391592 - 9606.ENSP00000349486 - 2.602
2020-08-07 14:19:31,836 - qsp_logger - INFO - start - 9606.ENSP00000391592 - 9606.ENSP00000360883
2020-08-07 14:19:32,293 - qsp_logger - INFO - end - 9606.ENSP00000391592 - 9606.ENSP00000360883 - 1.745
2020-08-07 14:19:32,294 - qsp_logger - INFO - start - 9606.ENSP00000391592 - 9606.ENSP00000362918
2020-08-07 14:19:35,639 - qsp_logger - INFO - end - 9606.ENSP00000391592 - 9606.ENSP00000362918 - 2.654
2020-08-07 14:19:35,639 - qsp_logger - INFO - start - 9606.ENSP00000391592 - 9606.ENSP00000377218
2020-08-07 14:19:36,522 - qsp_logger - INFO - end - 9606.ENSP00000391592 - 9606.ENSP00000377218 - 1.8
2020-08-07 14:19:36,522 - qsp_logger - INFO - start - 9606.ENSP00000391592 - 9606.ENSP00000349770
2020-08-07 14:19:37,848 - qsp_logger - INFO - end - 9606.ENSP00000391592 - 9606.ENSP00000349770 - 1.8
2020-08-07 14:19:37,848 - qsp_logger - INFO - start - 9606.ENSP00000391592 - 9606.ENSP00000257570
2020-08-07 14:19:39,262 - qsp_logger - INFO - end - 9606.ENSP00000391592 - 9606.ENSP00000257570 - 1.801
2020-08-07 14:19:39,263 - qsp_logger - INFO - start - 9606.ENSP00000391592 - 9606.ENSP00000305161
2020-08-07 14:19:42,746 - qsp_logger - INFO - end - 9606.ENSP00000391592 - 9606.ENSP00000305161 - 2.7
2020-08-07 14:19:42,746 - qsp_logger - INFO - start - 9606.ENSP00000391592 - 9606.ENSP00000239347
2020-08-07 14:19:42,767 - qsp_logger - INFO - end - 9606.ENSP00000391592 - 9606.ENSP00000239347 - 0.9
2020-08-07 14:19:42,768 - qsp_logger - INFO - start - 9606.ENSP00000391592 - 9606.ENSP00000358997
2020-08-07 14:19:44,966 - qsp_logger - INFO - end - 9606.ENSP00000391592 - 9606.ENSP00000358997 - 1.825
2020-08-07 14:19:44,966 - qsp_logger - INFO - start - 9606.ENSP00000391592 - 9606.ENSP00000301178
2020-08-07 14:19:45,347 - qsp_logger - INFO - end - 9606.ENSP00000391592 - 9606.ENSP00000301178 - 1.722
2020-08-07 14:19:45,347 - qsp_logger - INFO - start - 9606.ENSP00000391592 - 9606.ENSP00000342278
2020-08-07 14:19:46,884 - qsp_logger - INFO - end - 9606.ENSP00000391592 - 9606.ENSP00000342278 - 1.803
2020-08-07 14:19:46,884 - qsp_logger - INFO - start - 9606.ENSP00000391592 - 9606.ENSP00000222005
2020-08-07 14:19:48,446 - qsp_logger - INFO - end - 9606.ENSP00000391592 - 9606.ENSP00000222005 - 1.802
2020-08-07 14:19:48,446 - qsp_logger - INFO - start - 9606.ENSP00000391592 - 9606.ENSP00000360609
2020-08-07 14:19:49,027 - qsp_logger - INFO - end - 9606.ENSP00000391592 - 9606.ENSP00000360609 - 1.772
2020-08-07 14:19:49,027 - qsp_logger - INFO - start - 9606.ENSP00000391592 - 9606.ENSP00000306565
2020-08-07 14:19:50,722 - qsp_logger - INFO - end - 9606.ENSP00000391592 - 9606.ENSP00000306565 - 1.806
2020-08-07 14:19:50,722 - qsp_logger - INFO - start - 9606.ENSP00000391592 - 9606.ENSP00000360683
2020-08-07 14:19:51,170 - qsp_logger - INFO - end - 9606.ENSP00000391592 - 9606.ENSP00000360683 - 1.746
2020-08-07 14:19:51,170 - qsp_logger - INFO - start - 9606.ENSP00000391592 - 9606.ENSP00000262510
2020-08-07 14:19:54,845 - qsp_logger - INFO - end - 9606.ENSP00000391592 - 9606.ENSP00000262510 - 2.654
2020-08-07 14:19:54,845 - qsp_logger - INFO - start - 9606.ENSP00000391592 - 9606.ENSP00000276449
2020-08-07 14:19:57,604 - qsp_logger - INFO - end - 9606.ENSP00000391592 - 9606.ENSP00000276449 - 2.52
2020-08-07 14:19:57,604 - qsp_logger - INFO - start - 9606.ENSP00000391592 - 9606.ENSP00000355279
2020-08-07 14:20:00,798 - qsp_logger - INFO - end - 9606.ENSP00000391592 - 9606.ENSP00000355279 - 2.606
2020-08-07 14:20:00,798 - qsp_logger - INFO - start - 9606.ENSP00000391592 - 9606.ENSP00000360215
2020-08-07 14:20:03,034 - qsp_logger - INFO - end - 9606.ENSP00000391592 - 9606.ENSP00000360215 - 1.816
2020-08-07 14:20:03,034 - qsp_logger - INFO - start - 9606.ENSP00000391592 - 9606.ENSP00000401980
2020-08-07 14:20:05,115 - qsp_logger - INFO - end - 9606.ENSP00000391592 - 9606.ENSP00000401980 - 1.808
2020-08-07 14:20:05,115 - qsp_logger - INFO - start - 9606.ENSP00000391592 - 9606.ENSP00000369581
2020-08-07 14:20:05,143 - qsp_logger - INFO - end - 9606.ENSP00000391592 - 9606.ENSP00000369581 - 0.9
2020-08-07 14:20:05,144 - qsp_logger - INFO - start - 9606.ENSP00000391592 - 9606.ENSP00000360891
2020-08-07 14:20:07,253 - qsp_logger - INFO - end - 9606.ENSP00000391592 - 9606.ENSP00000360891 - 1.806
2020-08-07 14:20:07,253 - qsp_logger - INFO - start - 9606.ENSP00000391592 - 9606.ENSP00000400646
2020-08-07 14:20:08,580 - qsp_logger - INFO - end - 9606.ENSP00000391592 - 9606.ENSP00000400646 - 1.8
2020-08-07 14:20:08,580 - qsp_logger - INFO - start - 9606.ENSP00000391592 - 9606.ENSP00000359497
2020-08-07 14:20:10,177 - qsp_logger - INFO - end - 9606.ENSP00000391592 - 9606.ENSP00000359497 - 1.803
2020-08-07 14:20:10,178 - qsp_logger - INFO - start - 9606.ENSP00000391592 - 9606.ENSP00000331103
2020-08-07 14:20:11,795 - qsp_logger - INFO - end - 9606.ENSP00000391592 - 9606.ENSP00000331103 - 1.804
2020-08-07 14:20:11,795 - qsp_logger - INFO - start - 9606.ENSP00000391592 - 9606.ENSP00000298717
2020-08-07 14:20:14,616 - qsp_logger - INFO - end - 9606.ENSP00000391592 - 9606.ENSP00000298717 - 2.525
2020-08-07 14:20:14,616 - qsp_logger - INFO - start - 9606.ENSP00000391592 - 9606.ENSP00000371471
2020-08-07 14:20:16,903 - qsp_logger - INFO - end - 9606.ENSP00000391592 - 9606.ENSP00000371471 - 1.806
2020-08-07 14:20:16,904 - qsp_logger - INFO - start - 9606.ENSP00000391592 - 9606.ENSP00000380697
2020-08-07 14:20:17,802 - qsp_logger - INFO - end - 9606.ENSP00000391592 - 9606.ENSP00000380697 - 1.8
2020-08-07 14:20:17,803 - qsp_logger - INFO - start - 9606.ENSP00000391592 - 9606.ENSP00000464030
2020-08-07 14:20:20,117 - qsp_logger - INFO - end - 9606.ENSP00000391592 - 9606.ENSP00000464030 - 1.849
2020-08-07 14:20:20,117 - qsp_logger - INFO - start - 9606.ENSP00000391592 - 9606.ENSP00000369574
2020-08-07 14:20:20,143 - qsp_logger - INFO - end - 9606.ENSP00000391592 - 9606.ENSP00000369574 - 0.9
2020-08-07 14:20:20,143 - qsp_logger - INFO - start - 9606.ENSP00000391592 - 9606.ENSP00000412927
2020-08-07 14:20:20,285 - qsp_logger - INFO - end - 9606.ENSP00000391592 - 9606.ENSP00000412927 - 1.613
2020-08-07 14:20:20,285 - qsp_logger - INFO - start - 9606.ENSP00000391592 - 9606.ENSP00000369571
2020-08-07 14:20:20,316 - qsp_logger - INFO - end - 9606.ENSP00000391592 - 9606.ENSP00000369571 - 0.9
2020-08-07 14:20:20,316 - qsp_logger - INFO - start - 9606.ENSP00000391592 - 9606.ENSP00000264198
2020-08-07 14:20:23,720 - qsp_logger - INFO - end - 9606.ENSP00000391592 - 9606.ENSP00000264198 - 2.62
2020-08-07 14:20:23,720 - qsp_logger - INFO - start - 9606.ENSP00000391592 - 9606.ENSP00000331831
2020-08-07 14:20:24,507 - qsp_logger - INFO - end - 9606.ENSP00000391592 - 9606.ENSP00000331831 - 1.8
2020-08-07 14:20:24,507 - qsp_logger - INFO - start - 9606.ENSP00000391592 - 9606.ENSP00000354822
2020-08-07 14:20:26,412 - qsp_logger - INFO - end - 9606.ENSP00000391592 - 9606.ENSP00000354822 - 1.804
2020-08-07 14:20:26,413 - qsp_logger - INFO - start - 9606.ENSP00000391592 - 9606.ENSP00000342513
2020-08-07 14:20:28,417 - qsp_logger - INFO - end - 9606.ENSP00000391592 - 9606.ENSP00000342513 - 1.807
2020-08-07 14:20:28,417 - qsp_logger - INFO - start - 9606.ENSP00000391592 - 9606.ENSP00000301838
2020-08-07 14:20:30,203 - qsp_logger - INFO - end - 9606.ENSP00000391592 - 9606.ENSP00000301838 - 1.842
2020-08-07 14:20:30,204 - qsp_logger - INFO - start - 9606.ENSP00000391592 - 9606.ENSP00000458585
2020-08-07 14:20:32,003 - qsp_logger - INFO - end - 9606.ENSP00000391592 - 9606.ENSP00000458585 - 2.607
2020-08-07 14:20:32,003 - qsp_logger - INFO - start - 9606.ENSP00000391592 - 9606.ENSP00000329967
2020-08-07 14:20:32,431 - qsp_logger - INFO - end - 9606.ENSP00000391592 - 9606.ENSP00000329967 - 1.747
2020-08-07 14:20:32,431 - qsp_logger - INFO - start - 9606.ENSP00000391592 - 9606.ENSP00000411940
2020-08-07 14:20:32,449 - qsp_logger - INFO - end - 9606.ENSP00000391592 - 9606.ENSP00000411940 - 0.9
2020-08-07 14:20:32,449 - qsp_logger - INFO - start - 9606.ENSP00000391592 - 9606.ENSP00000296577
2020-08-07 14:20:34,306 - qsp_logger - INFO - end - 9606.ENSP00000391592 - 9606.ENSP00000296577 - 2.604
2020-08-07 14:20:34,307 - qsp_logger - INFO - start - 9606.ENSP00000391592 - 9606.ENSP00000333657
2020-08-07 14:20:34,591 - qsp_logger - INFO - end - 9606.ENSP00000391592 - 9606.ENSP00000333657 - 1.749
2020-08-07 14:20:34,591 - qsp_logger - INFO - start - 9606.ENSP00000391592 - 9606.ENSP00000480467
2020-08-07 14:20:34,726 - qsp_logger - INFO - end - 9606.ENSP00000391592 - 9606.ENSP00000480467 - 1.698
2020-08-07 14:20:34,727 - qsp_logger - INFO - start - 9606.ENSP00000391592 - 9606.ENSP00000388001
2020-08-07 14:20:36,123 - qsp_logger - INFO - end - 9606.ENSP00000391592 - 9606.ENSP00000388001 - 1.803
2020-08-07 14:20:36,123 - qsp_logger - INFO - start - 9606.ENSP00000391592 - 9606.ENSP00000209884
2020-08-07 14:20:37,731 - qsp_logger - INFO - end - 9606.ENSP00000391592 - 9606.ENSP00000209884 - 1.804
2020-08-07 14:20:37,731 - qsp_logger - INFO - start - 9606.ENSP00000391592 - 9606.ENSP00000262878
2020-08-07 14:20:39,014 - qsp_logger - INFO - end - 9606.ENSP00000391592 - 9606.ENSP00000262878 - 1.804
2020-08-07 14:20:39,015 - qsp_logger - INFO - start - 9606.ENSP00000391592 - 9606.ENSP00000239938
2020-08-07 14:20:39,524 - qsp_logger - INFO - end - 9606.ENSP00000391592 - 9606.ENSP00000239938 - 1.758
2020-08-07 14:20:39,524 - qsp_logger - INFO - start - 9606.ENSP00000391592 - 9606.ENSP00000412897
2020-08-07 14:20:39,543 - qsp_logger - INFO - end - 9606.ENSP00000391592 - 9606.ENSP00000412897 - 0.9
2020-08-07 14:20:39,543 - qsp_logger - INFO - start - 9606.ENSP00000391592 - 9606.ENSP00000364016
2020-08-07 14:20:41,836 - qsp_logger - INFO - end - 9606.ENSP00000391592 - 9606.ENSP00000364016 - 1.814
2020-08-07 14:20:41,836 - qsp_logger - INFO - start - 9606.ENSP00000391592 - 9606.ENSP00000245414
2020-08-07 14:20:42,694 - qsp_logger - INFO - end - 9606.ENSP00000391592 - 9606.ENSP00000245414 - 1.8
2020-08-07 14:20:42,694 - qsp_logger - INFO - start - 9606.ENSP00000391592 - 9606.ENSP00000356448
2020-08-07 14:20:45,032 - qsp_logger - INFO - end - 9606.ENSP00000391592 - 9606.ENSP00000356448 - 1.837
2020-08-07 14:20:45,032 - qsp_logger - INFO - start - 9606.ENSP00000391592 - 9606.ENSP00000484479
2020-08-07 14:20:45,444 - qsp_logger - INFO - end - 9606.ENSP00000391592 - 9606.ENSP00000484479 - 1.73
2020-08-07 14:20:45,444 - qsp_logger - INFO - start - 9606.ENSP00000391592 - 9606.ENSP00000270139
2020-08-07 14:20:45,567 - qsp_logger - INFO - end - 9606.ENSP00000391592 - 9606.ENSP00000270139 - 0.935
2020-08-07 14:20:45,567 - qsp_logger - INFO - start - 9606.ENSP00000391592 - 9606.ENSP00000333667
2020-08-07 14:20:48,636 - qsp_logger - INFO - end - 9606.ENSP00000391592 - 9606.ENSP00000333667 - 2.593
2020-08-07 14:20:48,637 - qsp_logger - INFO - start - 9606.ENSP00000391592 - 9606.ENSP00000401399
2020-08-07 14:20:49,784 - qsp_logger - INFO - end - 9606.ENSP00000391592 - 9606.ENSP00000401399 - 1.8
2020-08-07 14:20:49,784 - qsp_logger - INFO - start - 9606.ENSP00000391592 - 9606.ENSP00000311857
2020-08-07 14:20:49,864 - qsp_logger - INFO - end - 9606.ENSP00000391592 - 9606.ENSP00000311857 - 0.906
2020-08-07 14:20:49,864 - qsp_logger - INFO - start - 9606.ENSP00000391592 - 9606.ENSP00000365817
2020-08-07 14:20:50,025 - qsp_logger - INFO - end - 9606.ENSP00000391592 - 9606.ENSP00000365817 - 1.615
2020-08-07 14:20:50,025 - qsp_logger - INFO - start - 9606.ENSP00000391592 - 9606.ENSP00000484689
2020-08-07 14:20:51,990 - qsp_logger - INFO - end - 9606.ENSP00000391592 - 9606.ENSP00000484689 - 1.807
2020-08-07 14:20:51,990 - qsp_logger - INFO - start - 9606.ENSP00000391592 - 9606.ENSP00000417404
2020-08-07 14:20:54,271 - qsp_logger - INFO - end - 9606.ENSP00000391592 - 9606.ENSP00000417404 - 1.869
2020-08-07 14:20:54,272 - qsp_logger - INFO - start - 9606.ENSP00000391592 - 9606.ENSP00000356416
2020-08-07 14:20:57,839 - qsp_logger - INFO - end - 9606.ENSP00000391592 - 9606.ENSP00000356416 - 2.673
2020-08-07 14:20:57,839 - qsp_logger - INFO - start - 9606.ENSP00000391592 - 9606.ENSP00000360869
2020-08-07 14:20:58,470 - qsp_logger - INFO - end - 9606.ENSP00000391592 - 9606.ENSP00000360869 - 1.756
2020-08-07 14:20:58,470 - qsp_logger - INFO - start - 9606.ENSP00000391592 - 9606.ENSP00000391592
2020-08-07 14:20:58,470 - qsp_logger - INFO - end - 9606.ENSP00000391592 - 9606.ENSP00000391592 - 0
2020-08-07 14:20:58,470 - qsp_logger - INFO - start - 9606.ENSP00000391592 - 9606.ENSP00000216129
2020-08-07 14:21:00,756 - qsp_logger - INFO - end - 9606.ENSP00000391592 - 9606.ENSP00000216129 - 2.519
2020-08-07 14:21:00,756 - qsp_logger - INFO - start - 9606.ENSP00000391592 - 9606.ENSP00000343204
2020-08-07 14:21:00,878 - qsp_logger - INFO - end - 9606.ENSP00000391592 - 9606.ENSP00000343204 - 0.944
2020-08-07 14:21:00,878 - qsp_logger - INFO - start - 9606.ENSP00000391592 - 9606.ENSP00000386187
2020-08-07 14:21:02,631 - qsp_logger - INFO - end - 9606.ENSP00000391592 - 9606.ENSP00000386187 - 1.808
2020-08-07 14:21:02,633 - qsp_logger - INFO - start - 9606.ENSP00000391592 - 9606.ENSP00000295006
2020-08-07 14:21:03,095 - qsp_logger - INFO - end - 9606.ENSP00000391592 - 9606.ENSP00000295006 - 1.73
2020-08-07 14:21:03,096 - qsp_logger - INFO - start - 9606.ENSP00000391592 - 9606.ENSP00000264634
2020-08-07 14:21:04,444 - qsp_logger - INFO - end - 9606.ENSP00000391592 - 9606.ENSP00000264634 - 1.8
2020-08-07 14:21:04,444 - qsp_logger - INFO - start - 9606.ENSP00000391592 - 9606.ENSP00000368699
2020-08-07 14:21:04,720 - qsp_logger - INFO - end - 9606.ENSP00000391592 - 9606.ENSP00000368699 - 1.687
2020-08-07 14:21:04,720 - qsp_logger - INFO - start - 9606.ENSP00000391592 - 9606.ENSP00000343023
2020-08-07 14:21:06,527 - qsp_logger - INFO - end - 9606.ENSP00000391592 - 9606.ENSP00000343023 - 1.804
2020-08-07 14:21:06,528 - qsp_logger - INFO - start - 9606.ENSP00000391592 - 9606.ENSP00000296795
2020-08-07 14:21:09,771 - qsp_logger - INFO - end - 9606.ENSP00000391592 - 9606.ENSP00000296795 - 2.546
2020-08-07 14:21:09,771 - qsp_logger - INFO - start - 9606.ENSP00000391592 - 9606.ENSP00000356530
2020-08-07 14:21:11,525 - qsp_logger - INFO - end - 9606.ENSP00000391592 - 9606.ENSP00000356530 - 1.804
2020-08-07 14:21:11,526 - qsp_logger - INFO - start - 9606.ENSP00000391592 - 9606.ENSP00000381601
2020-08-07 14:21:12,020 - qsp_logger - INFO - end - 9606.ENSP00000391592 - 9606.ENSP00000381601 - 1.749
2020-08-07 14:21:12,020 - qsp_logger - INFO - start - 9606.ENSP00000391592 - 9606.ENSP00000338348
2020-08-07 14:21:13,138 - qsp_logger - INFO - end - 9606.ENSP00000391592 - 9606.ENSP00000338348 - 1.804
2020-08-07 14:21:13,139 - qsp_logger - INFO - start - 9606.ENSP00000391592 - 9606.ENSP00000369440
2020-08-07 14:21:14,519 - qsp_logger - INFO - end - 9606.ENSP00000391592 - 9606.ENSP00000369440 - 1.801
2020-08-07 14:21:14,519 - qsp_logger - INFO - start - 9606.ENSP00000391592 - 9606.ENSP00000423673
2020-08-07 14:21:17,173 - qsp_logger - INFO - end - 9606.ENSP00000391592 - 9606.ENSP00000423673 - 2.525
2020-08-07 14:21:17,174 - qsp_logger - INFO - start - 9606.ENSP00000391592 - 9606.ENSP00000252593
2020-08-07 14:21:18,854 - qsp_logger - INFO - end - 9606.ENSP00000391592 - 9606.ENSP00000252593 - 1.813
2020-08-07 14:21:18,855 - qsp_logger - INFO - start - 9606.ENSP00000391592 - 9606.ENSP00000215794
2020-08-07 14:21:19,360 - qsp_logger - INFO - end - 9606.ENSP00000391592 - 9606.ENSP00000215794 - 1.749
2020-08-07 14:21:19,360 - qsp_logger - INFO - start - 9606.ENSP00000360683 - 9606.ENSP00000446271
2020-08-07 14:21:23,107 - qsp_logger - INFO - end - 9606.ENSP00000360683 - 9606.ENSP00000446271 - 3.245
2020-08-07 14:21:23,107 - qsp_logger - INFO - start - 9606.ENSP00000360683 - 9606.ENSP00000276927
2020-08-07 14:21:23,375 - qsp_logger - INFO - end - 9606.ENSP00000360683 - 9606.ENSP00000276927 - 1.727
2020-08-07 14:21:23,376 - qsp_logger - INFO - start - 9606.ENSP00000360683 - 9606.ENSP00000233057
2020-08-07 14:21:24,690 - qsp_logger - INFO - end - 9606.ENSP00000360683 - 9606.ENSP00000233057 - 1.856
2020-08-07 14:21:24,691 - qsp_logger - INFO - start - 9606.ENSP00000360683 - 9606.ENSP00000357123
2020-08-07 14:21:25,928 - qsp_logger - INFO - end - 9606.ENSP00000360683 - 9606.ENSP00000357123 - 2.506
2020-08-07 14:21:25,928 - qsp_logger - INFO - start - 9606.ENSP00000360683 - 9606.ENSP00000357459
2020-08-07 14:21:27,071 - qsp_logger - INFO - end - 9606.ENSP00000360683 - 9606.ENSP00000357459 - 1.844
2020-08-07 14:21:27,072 - qsp_logger - INFO - start - 9606.ENSP00000360683 - 9606.ENSP00000258080
2020-08-07 14:21:30,473 - qsp_logger - INFO - end - 9606.ENSP00000360683 - 9606.ENSP00000258080 - 2.646
2020-08-07 14:21:30,474 - qsp_logger - INFO - start - 9606.ENSP00000360683 - 9606.ENSP00000355988
2020-08-07 14:21:30,801 - qsp_logger - INFO - end - 9606.ENSP00000360683 - 9606.ENSP00000355988 - 1.8
2020-08-07 14:21:30,802 - qsp_logger - INFO - start - 9606.ENSP00000360683 - 9606.ENSP00000368632
2020-08-07 14:21:32,306 - qsp_logger - INFO - end - 9606.ENSP00000360683 - 9606.ENSP00000368632 - 2.519
2020-08-07 14:21:32,306 - qsp_logger - INFO - start - 9606.ENSP00000360683 - 9606.ENSP00000395590
2020-08-07 14:21:33,539 - qsp_logger - INFO - end - 9606.ENSP00000360683 - 9606.ENSP00000395590 - 1.84
2020-08-07 14:21:33,539 - qsp_logger - INFO - start - 9606.ENSP00000360683 - 9606.ENSP00000380073
2020-08-07 14:21:33,907 - qsp_logger - INFO - end - 9606.ENSP00000360683 - 9606.ENSP00000380073 - 1.8
2020-08-07 14:21:33,907 - qsp_logger - INFO - start - 9606.ENSP00000360683 - 9606.ENSP00000259951
2020-08-07 14:21:35,025 - qsp_logger - INFO - end - 9606.ENSP00000360683 - 9606.ENSP00000259951 - 1.808
2020-08-07 14:21:35,025 - qsp_logger - INFO - start - 9606.ENSP00000360683 - 9606.ENSP00000471896
2020-08-07 14:21:35,152 - qsp_logger - INFO - end - 9606.ENSP00000360683 - 9606.ENSP00000471896 - 1.711
2020-08-07 14:21:35,152 - qsp_logger - INFO - start - 9606.ENSP00000360683 - 9606.ENSP00000370343
2020-08-07 14:21:35,523 - qsp_logger - INFO - end - 9606.ENSP00000360683 - 9606.ENSP00000370343 - 1.8
2020-08-07 14:21:35,523 - qsp_logger - INFO - start - 9606.ENSP00000360683 - 9606.ENSP00000357112
2020-08-07 14:21:39,347 - qsp_logger - INFO - end - 9606.ENSP00000360683 - 9606.ENSP00000357112 - 2.735
2020-08-07 14:21:39,348 - qsp_logger - INFO - start - 9606.ENSP00000360683 - 9606.ENSP00000357113
2020-08-07 14:21:41,985 - qsp_logger - INFO - end - 9606.ENSP00000360683 - 9606.ENSP00000357113 - 2.611
2020-08-07 14:21:41,985 - qsp_logger - INFO - start - 9606.ENSP00000360683 - 9606.ENSP00000422753
2020-08-07 14:21:44,674 - qsp_logger - INFO - end - 9606.ENSP00000360683 - 9606.ENSP00000422753 - 2.613
2020-08-07 14:21:44,674 - qsp_logger - INFO - start - 9606.ENSP00000360683 - 9606.ENSP00000431885
2020-08-07 14:21:44,716 - qsp_logger - INFO - end - 9606.ENSP00000360683 - 9606.ENSP00000431885 - 0.944
2020-08-07 14:21:44,716 - qsp_logger - INFO - start - 9606.ENSP00000360683 - 9606.ENSP00000369558
2020-08-07 14:21:44,727 - qsp_logger - INFO - end - 9606.ENSP00000360683 - 9606.ENSP00000369558 - 0.9
2020-08-07 14:21:44,727 - qsp_logger - INFO - start - 9606.ENSP00000360683 - 9606.ENSP00000369554
2020-08-07 14:21:44,738 - qsp_logger - INFO - end - 9606.ENSP00000360683 - 9606.ENSP00000369554 - 0.9
2020-08-07 14:21:44,738 - qsp_logger - INFO - start - 9606.ENSP00000360683 - 9606.ENSP00000369553
2020-08-07 14:21:44,749 - qsp_logger - INFO - end - 9606.ENSP00000360683 - 9606.ENSP00000369553 - 0.9
2020-08-07 14:21:44,749 - qsp_logger - INFO - start - 9606.ENSP00000360683 - 9606.ENSP00000354394
2020-08-07 14:21:44,837 - qsp_logger - INFO - end - 9606.ENSP00000360683 - 9606.ENSP00000354394 - 1.702
2020-08-07 14:21:44,837 - qsp_logger - INFO - start - 9606.ENSP00000360683 - 9606.ENSP00000382707
2020-08-07 14:21:45,980 - qsp_logger - INFO - end - 9606.ENSP00000360683 - 9606.ENSP00000382707 - 1.816
2020-08-07 14:21:45,980 - qsp_logger - INFO - start - 9606.ENSP00000360683 - 9606.ENSP00000261427
2020-08-07 14:21:46,332 - qsp_logger - INFO - end - 9606.ENSP00000360683 - 9606.ENSP00000261427 - 1.773
2020-08-07 14:21:46,332 - qsp_logger - INFO - start - 9606.ENSP00000360683 - 9606.ENSP00000483430
2020-08-07 14:21:47,542 - qsp_logger - INFO - end - 9606.ENSP00000360683 - 9606.ENSP00000483430 - 1.812
2020-08-07 14:21:47,542 - qsp_logger - INFO - start - 9606.ENSP00000360683 - 9606.ENSP00000315768
2020-08-07 14:21:47,573 - qsp_logger - INFO - end - 9606.ENSP00000360683 - 9606.ENSP00000315768 - 0.908
2020-08-07 14:21:47,573 - qsp_logger - INFO - start - 9606.ENSP00000360683 - 9606.ENSP00000215574
2020-08-07 14:21:49,514 - qsp_logger - INFO - end - 9606.ENSP00000360683 - 9606.ENSP00000215574 - 2.547
2020-08-07 14:21:49,514 - qsp_logger - INFO - start - 9606.ENSP00000360683 - 9606.ENSP00000343957
2020-08-07 14:21:49,605 - qsp_logger - INFO - end - 9606.ENSP00000360683 - 9606.ENSP00000343957 - 1.7
2020-08-07 14:21:49,605 - qsp_logger - INFO - start - 9606.ENSP00000360683 - 9606.ENSP00000228928
2020-08-07 14:21:50,732 - qsp_logger - INFO - end - 9606.ENSP00000360683 - 9606.ENSP00000228928 - 1.821
2020-08-07 14:21:50,733 - qsp_logger - INFO - start - 9606.ENSP00000360683 - 9606.ENSP00000296443
2020-08-07 14:21:54,385 - qsp_logger - INFO - end - 9606.ENSP00000360683 - 9606.ENSP00000296443 - 4.143
2020-08-07 14:21:54,385 - qsp_logger - INFO - start - 9606.ENSP00000360683 - 9606.ENSP00000340944
2020-08-07 14:21:54,386 - qsp_logger - INFO - end - 9606.ENSP00000360683 - 9606.ENSP00000340944 - 0.811
2020-08-07 14:21:54,386 - qsp_logger - INFO - start - 9606.ENSP00000360683 - 9606.ENSP00000369566
2020-08-07 14:21:54,391 - qsp_logger - INFO - end - 9606.ENSP00000360683 - 9606.ENSP00000369566 - 0.9
2020-08-07 14:21:54,391 - qsp_logger - INFO - start - 9606.ENSP00000360683 - 9606.ENSP00000369564
2020-08-07 14:21:54,400 - qsp_logger - INFO - end - 9606.ENSP00000360683 - 9606.ENSP00000369564 - 0.9
2020-08-07 14:21:54,401 - qsp_logger - INFO - start - 9606.ENSP00000360683 - 9606.ENSP00000268638
2020-08-07 14:21:55,436 - qsp_logger - INFO - end - 9606.ENSP00000360683 - 9606.ENSP00000268638 - 1.81
2020-08-07 14:21:55,436 - qsp_logger - INFO - start - 9606.ENSP00000360683 - 9606.ENSP00000349486
2020-08-07 14:21:58,028 - qsp_logger - INFO - end - 9606.ENSP00000360683 - 9606.ENSP00000349486 - 2.608
2020-08-07 14:21:58,028 - qsp_logger - INFO - start - 9606.ENSP00000360683 - 9606.ENSP00000360883
2020-08-07 14:21:58,319 - qsp_logger - INFO - end - 9606.ENSP00000360683 - 9606.ENSP00000360883 - 1.745
2020-08-07 14:21:58,319 - qsp_logger - INFO - start - 9606.ENSP00000360683 - 9606.ENSP00000362918
2020-08-07 14:22:02,184 - qsp_logger - INFO - end - 9606.ENSP00000360683 - 9606.ENSP00000362918 - 3.445
2020-08-07 14:22:02,185 - qsp_logger - INFO - start - 9606.ENSP00000360683 - 9606.ENSP00000377218
2020-08-07 14:22:02,590 - qsp_logger - INFO - end - 9606.ENSP00000360683 - 9606.ENSP00000377218 - 1.8
2020-08-07 14:22:02,590 - qsp_logger - INFO - start - 9606.ENSP00000360683 - 9606.ENSP00000349770
2020-08-07 14:22:03,221 - qsp_logger - INFO - end - 9606.ENSP00000360683 - 9606.ENSP00000349770 - 1.8
2020-08-07 14:22:03,222 - qsp_logger - INFO - start - 9606.ENSP00000360683 - 9606.ENSP00000257570
2020-08-07 14:22:04,532 - qsp_logger - INFO - end - 9606.ENSP00000360683 - 9606.ENSP00000257570 - 1.831
2020-08-07 14:22:04,532 - qsp_logger - INFO - start - 9606.ENSP00000360683 - 9606.ENSP00000305161
2020-08-07 14:22:07,420 - qsp_logger - INFO - end - 9606.ENSP00000360683 - 9606.ENSP00000305161 - 2.611
2020-08-07 14:22:07,420 - qsp_logger - INFO - start - 9606.ENSP00000360683 - 9606.ENSP00000239347
2020-08-07 14:22:07,423 - qsp_logger - INFO - end - 9606.ENSP00000360683 - 9606.ENSP00000239347 - 0.9
2020-08-07 14:22:07,424 - qsp_logger - INFO - start - 9606.ENSP00000360683 - 9606.ENSP00000358997
2020-08-07 14:22:10,376 - qsp_logger - INFO - end - 9606.ENSP00000360683 - 9606.ENSP00000358997 - 2.589
2020-08-07 14:22:10,376 - qsp_logger - INFO - start - 9606.ENSP00000360683 - 9606.ENSP00000301178
2020-08-07 14:22:10,637 - qsp_logger - INFO - end - 9606.ENSP00000360683 - 9606.ENSP00000301178 - 1.724
2020-08-07 14:22:10,638 - qsp_logger - INFO - start - 9606.ENSP00000360683 - 9606.ENSP00000342278
2020-08-07 14:22:12,073 - qsp_logger - INFO - end - 9606.ENSP00000360683 - 9606.ENSP00000342278 - 1.838
2020-08-07 14:22:12,074 - qsp_logger - INFO - start - 9606.ENSP00000360683 - 9606.ENSP00000222005
2020-08-07 14:22:12,542 - qsp_logger - INFO - end - 9606.ENSP00000360683 - 9606.ENSP00000222005 - 1.8
2020-08-07 14:22:12,543 - qsp_logger - INFO - start - 9606.ENSP00000360683 - 9606.ENSP00000360609
2020-08-07 14:22:12,965 - qsp_logger - INFO - end - 9606.ENSP00000360683 - 9606.ENSP00000360609 - 1.735
2020-08-07 14:22:12,965 - qsp_logger - INFO - start - 9606.ENSP00000360683 - 9606.ENSP00000306565
2020-08-07 14:22:14,188 - qsp_logger - INFO - end - 9606.ENSP00000360683 - 9606.ENSP00000306565 - 1.814
2020-08-07 14:22:14,189 - qsp_logger - INFO - start - 9606.ENSP00000360683 - 9606.ENSP00000360683
2020-08-07 14:22:14,190 - qsp_logger - INFO - end - 9606.ENSP00000360683 - 9606.ENSP00000360683 - 0
2020-08-07 14:22:14,190 - qsp_logger - INFO - start - 9606.ENSP00000360683 - 9606.ENSP00000262510
2020-08-07 14:22:18,165 - qsp_logger - INFO - end - 9606.ENSP00000360683 - 9606.ENSP00000262510 - 2.733
2020-08-07 14:22:18,166 - qsp_logger - INFO - start - 9606.ENSP00000360683 - 9606.ENSP00000276449
2020-08-07 14:22:21,574 - qsp_logger - INFO - end - 9606.ENSP00000360683 - 9606.ENSP00000276449 - 3.247
2020-08-07 14:22:21,574 - qsp_logger - INFO - start - 9606.ENSP00000360683 - 9606.ENSP00000355279
2020-08-07 14:22:24,733 - qsp_logger - INFO - end - 9606.ENSP00000360683 - 9606.ENSP00000355279 - 2.632
2020-08-07 14:22:24,734 - qsp_logger - INFO - start - 9606.ENSP00000360683 - 9606.ENSP00000360215
2020-08-07 14:22:26,828 - qsp_logger - INFO - end - 9606.ENSP00000360683 - 9606.ENSP00000360215 - 2.55
2020-08-07 14:22:26,830 - qsp_logger - INFO - start - 9606.ENSP00000360683 - 9606.ENSP00000401980
2020-08-07 14:22:28,656 - qsp_logger - INFO - end - 9606.ENSP00000360683 - 9606.ENSP00000401980 - 2.538
2020-08-07 14:22:28,656 - qsp_logger - INFO - start - 9606.ENSP00000360683 - 9606.ENSP00000369581
2020-08-07 14:22:28,659 - qsp_logger - INFO - end - 9606.ENSP00000360683 - 9606.ENSP00000369581 - 0.9
2020-08-07 14:22:28,659 - qsp_logger - INFO - start - 9606.ENSP00000360683 - 9606.ENSP00000360891
2020-08-07 14:22:29,884 - qsp_logger - INFO - end - 9606.ENSP00000360683 - 9606.ENSP00000360891 - 1.834
2020-08-07 14:22:29,884 - qsp_logger - INFO - start - 9606.ENSP00000360683 - 9606.ENSP00000400646
2020-08-07 14:22:31,154 - qsp_logger - INFO - end - 9606.ENSP00000360683 - 9606.ENSP00000400646 - 2.569
2020-08-07 14:22:31,155 - qsp_logger - INFO - start - 9606.ENSP00000360683 - 9606.ENSP00000359497
2020-08-07 14:22:31,811 - qsp_logger - INFO - end - 9606.ENSP00000360683 - 9606.ENSP00000359497 - 1.817
2020-08-07 14:22:31,811 - qsp_logger - INFO - start - 9606.ENSP00000360683 - 9606.ENSP00000331103
2020-08-07 14:22:32,381 - qsp_logger - INFO - end - 9606.ENSP00000360683 - 9606.ENSP00000331103 - 1.808
2020-08-07 14:22:32,381 - qsp_logger - INFO - start - 9606.ENSP00000360683 - 9606.ENSP00000298717
2020-08-07 14:22:34,188 - qsp_logger - INFO - end - 9606.ENSP00000360683 - 9606.ENSP00000298717 - 2.7
2020-08-07 14:22:34,188 - qsp_logger - INFO - start - 9606.ENSP00000360683 - 9606.ENSP00000371471
2020-08-07 14:22:35,058 - qsp_logger - INFO - end - 9606.ENSP00000360683 - 9606.ENSP00000371471 - 1.827
2020-08-07 14:22:35,058 - qsp_logger - INFO - start - 9606.ENSP00000360683 - 9606.ENSP00000380697
2020-08-07 14:22:35,151 - qsp_logger - INFO - end - 9606.ENSP00000360683 - 9606.ENSP00000380697 - 1.711
2020-08-07 14:22:35,151 - qsp_logger - INFO - start - 9606.ENSP00000360683 - 9606.ENSP00000464030
2020-08-07 14:22:35,270 - qsp_logger - INFO - end - 9606.ENSP00000360683 - 9606.ENSP00000464030 - 1.725
2020-08-07 14:22:35,270 - qsp_logger - INFO - start - 9606.ENSP00000360683 - 9606.ENSP00000369574
2020-08-07 14:22:35,273 - qsp_logger - INFO - end - 9606.ENSP00000360683 - 9606.ENSP00000369574 - 0.9
2020-08-07 14:22:35,273 - qsp_logger - INFO - start - 9606.ENSP00000360683 - 9606.ENSP00000412927
2020-08-07 14:22:35,907 - qsp_logger - INFO - end - 9606.ENSP00000360683 - 9606.ENSP00000412927 - 1.808
2020-08-07 14:22:35,907 - qsp_logger - INFO - start - 9606.ENSP00000360683 - 9606.ENSP00000369571
2020-08-07 14:22:35,912 - qsp_logger - INFO - end - 9606.ENSP00000360683 - 9606.ENSP00000369571 - 0.9
2020-08-07 14:22:35,912 - qsp_logger - INFO - start - 9606.ENSP00000360683 - 9606.ENSP00000264198
2020-08-07 14:22:37,798 - qsp_logger - INFO - end - 9606.ENSP00000360683 - 9606.ENSP00000264198 - 2.683
2020-08-07 14:22:37,798 - qsp_logger - INFO - start - 9606.ENSP00000360683 - 9606.ENSP00000331831
2020-08-07 14:22:38,045 - qsp_logger - INFO - end - 9606.ENSP00000360683 - 9606.ENSP00000331831 - 1.8
2020-08-07 14:22:38,045 - qsp_logger - INFO - start - 9606.ENSP00000360683 - 9606.ENSP00000354822
2020-08-07 14:22:38,761 - qsp_logger - INFO - end - 9606.ENSP00000360683 - 9606.ENSP00000354822 - 1.838
2020-08-07 14:22:38,761 - qsp_logger - INFO - start - 9606.ENSP00000360683 - 9606.ENSP00000342513
2020-08-07 14:22:39,477 - qsp_logger - INFO - end - 9606.ENSP00000360683 - 9606.ENSP00000342513 - 1.822
2020-08-07 14:22:39,477 - qsp_logger - INFO - start - 9606.ENSP00000360683 - 9606.ENSP00000301838
2020-08-07 14:22:39,511 - qsp_logger - INFO - end - 9606.ENSP00000360683 - 9606.ENSP00000301838 - 1.612
2020-08-07 14:22:39,511 - qsp_logger - INFO - start - 9606.ENSP00000360683 - 9606.ENSP00000458585
2020-08-07 14:22:41,753 - qsp_logger - INFO - end - 9606.ENSP00000360683 - 9606.ENSP00000458585 - 2.7
2020-08-07 14:22:41,753 - qsp_logger - INFO - start - 9606.ENSP00000360683 - 9606.ENSP00000329967
2020-08-07 14:22:41,902 - qsp_logger - INFO - end - 9606.ENSP00000360683 - 9606.ENSP00000329967 - 1.728
2020-08-07 14:22:41,902 - qsp_logger - INFO - start - 9606.ENSP00000360683 - 9606.ENSP00000411940
2020-08-07 14:22:41,910 - qsp_logger - INFO - end - 9606.ENSP00000360683 - 9606.ENSP00000411940 - 0.9
2020-08-07 14:22:41,910 - qsp_logger - INFO - start - 9606.ENSP00000360683 - 9606.ENSP00000296577
2020-08-07 14:22:44,680 - qsp_logger - INFO - end - 9606.ENSP00000360683 - 9606.ENSP00000296577 - 2.673
2020-08-07 14:22:44,681 - qsp_logger - INFO - start - 9606.ENSP00000360683 - 9606.ENSP00000333657
2020-08-07 14:22:45,923 - qsp_logger - INFO - end - 9606.ENSP00000360683 - 9606.ENSP00000333657 - 1.824
2020-08-07 14:22:45,923 - qsp_logger - INFO - start - 9606.ENSP00000360683 - 9606.ENSP00000480467
2020-08-07 14:22:46,017 - qsp_logger - INFO - end - 9606.ENSP00000360683 - 9606.ENSP00000480467 - 1.698
2020-08-07 14:22:46,017 - qsp_logger - INFO - start - 9606.ENSP00000360683 - 9606.ENSP00000388001
2020-08-07 14:22:47,100 - qsp_logger - INFO - end - 9606.ENSP00000360683 - 9606.ENSP00000388001 - 1.822
2020-08-07 14:22:47,100 - qsp_logger - INFO - start - 9606.ENSP00000360683 - 9606.ENSP00000209884
2020-08-07 14:22:49,012 - qsp_logger - INFO - end - 9606.ENSP00000360683 - 9606.ENSP00000209884 - 2.547
2020-08-07 14:22:49,012 - qsp_logger - INFO - start - 9606.ENSP00000360683 - 9606.ENSP00000262878
2020-08-07 14:22:50,124 - qsp_logger - INFO - end - 9606.ENSP00000360683 - 9606.ENSP00000262878 - 1.812
2020-08-07 14:22:50,124 - qsp_logger - INFO - start - 9606.ENSP00000360683 - 9606.ENSP00000239938
2020-08-07 14:22:51,190 - qsp_logger - INFO - end - 9606.ENSP00000360683 - 9606.ENSP00000239938 - 1.81
2020-08-07 14:22:51,190 - qsp_logger - INFO - start - 9606.ENSP00000360683 - 9606.ENSP00000412897
2020-08-07 14:22:51,202 - qsp_logger - INFO - end - 9606.ENSP00000360683 - 9606.ENSP00000412897 - 0.9
2020-08-07 14:22:51,203 - qsp_logger - INFO - start - 9606.ENSP00000360683 - 9606.ENSP00000364016
2020-08-07 14:22:52,701 - qsp_logger - INFO - end - 9606.ENSP00000360683 - 9606.ENSP00000364016 - 1.811
2020-08-07 14:22:52,701 - qsp_logger - INFO - start - 9606.ENSP00000360683 - 9606.ENSP00000245414
2020-08-07 14:22:53,043 - qsp_logger - INFO - end - 9606.ENSP00000360683 - 9606.ENSP00000245414 - 1.8
2020-08-07 14:22:53,043 - qsp_logger - INFO - start - 9606.ENSP00000360683 - 9606.ENSP00000356448
2020-08-07 14:22:54,653 - qsp_logger - INFO - end - 9606.ENSP00000360683 - 9606.ENSP00000356448 - 2.479
2020-08-07 14:22:54,654 - qsp_logger - INFO - start - 9606.ENSP00000360683 - 9606.ENSP00000484479
2020-08-07 14:22:54,918 - qsp_logger - INFO - end - 9606.ENSP00000360683 - 9606.ENSP00000484479 - 1.73
2020-08-07 14:22:54,918 - qsp_logger - INFO - start - 9606.ENSP00000360683 - 9606.ENSP00000270139
2020-08-07 14:22:54,934 - qsp_logger - INFO - end - 9606.ENSP00000360683 - 9606.ENSP00000270139 - 0.9
2020-08-07 14:22:54,935 - qsp_logger - INFO - start - 9606.ENSP00000360683 - 9606.ENSP00000333667
2020-08-07 14:22:55,274 - qsp_logger - INFO - end - 9606.ENSP00000360683 - 9606.ENSP00000333667 - 1.777
2020-08-07 14:22:55,274 - qsp_logger - INFO - start - 9606.ENSP00000360683 - 9606.ENSP00000401399
2020-08-07 14:22:56,664 - qsp_logger - INFO - end - 9606.ENSP00000360683 - 9606.ENSP00000401399 - 2.489
2020-08-07 14:22:56,664 - qsp_logger - INFO - start - 9606.ENSP00000360683 - 9606.ENSP00000311857
2020-08-07 14:22:56,965 - qsp_logger - INFO - end - 9606.ENSP00000360683 - 9606.ENSP00000311857 - 1.772
2020-08-07 14:22:56,965 - qsp_logger - INFO - start - 9606.ENSP00000360683 - 9606.ENSP00000365817
2020-08-07 14:22:58,049 - qsp_logger - INFO - end - 9606.ENSP00000360683 - 9606.ENSP00000365817 - 1.808
2020-08-07 14:22:58,049 - qsp_logger - INFO - start - 9606.ENSP00000360683 - 9606.ENSP00000484689
2020-08-07 14:22:59,252 - qsp_logger - INFO - end - 9606.ENSP00000360683 - 9606.ENSP00000484689 - 1.81
2020-08-07 14:22:59,252 - qsp_logger - INFO - start - 9606.ENSP00000360683 - 9606.ENSP00000417404
2020-08-07 14:23:00,834 - qsp_logger - INFO - end - 9606.ENSP00000360683 - 9606.ENSP00000417404 - 2.51
2020-08-07 14:23:00,834 - qsp_logger - INFO - start - 9606.ENSP00000360683 - 9606.ENSP00000356416
2020-08-07 14:23:04,737 - qsp_logger - INFO - end - 9606.ENSP00000360683 - 9606.ENSP00000356416 - 3.423
2020-08-07 14:23:04,737 - qsp_logger - INFO - start - 9606.ENSP00000360683 - 9606.ENSP00000360869
2020-08-07 14:23:05,089 - qsp_logger - INFO - end - 9606.ENSP00000360683 - 9606.ENSP00000360869 - 1.771
2020-08-07 14:23:05,089 - qsp_logger - INFO - start - 9606.ENSP00000360683 - 9606.ENSP00000391592
2020-08-07 14:23:05,385 - qsp_logger - INFO - end - 9606.ENSP00000360683 - 9606.ENSP00000391592 - 1.746
2020-08-07 14:23:05,385 - qsp_logger - INFO - start - 9606.ENSP00000360683 - 9606.ENSP00000216129
2020-08-07 14:23:08,042 - qsp_logger - INFO - end - 9606.ENSP00000360683 - 9606.ENSP00000216129 - 2.591
2020-08-07 14:23:08,044 - qsp_logger - INFO - start - 9606.ENSP00000360683 - 9606.ENSP00000343204
2020-08-07 14:23:08,079 - qsp_logger - INFO - end - 9606.ENSP00000360683 - 9606.ENSP00000343204 - 0.924
2020-08-07 14:23:08,079 - qsp_logger - INFO - start - 9606.ENSP00000360683 - 9606.ENSP00000386187
2020-08-07 14:23:09,284 - qsp_logger - INFO - end - 9606.ENSP00000360683 - 9606.ENSP00000386187 - 1.814
2020-08-07 14:23:09,284 - qsp_logger - INFO - start - 9606.ENSP00000360683 - 9606.ENSP00000295006
2020-08-07 14:23:10,429 - qsp_logger - INFO - end - 9606.ENSP00000360683 - 9606.ENSP00000295006 - 1.83
2020-08-07 14:23:10,429 - qsp_logger - INFO - start - 9606.ENSP00000360683 - 9606.ENSP00000264634
2020-08-07 14:23:11,455 - qsp_logger - INFO - end - 9606.ENSP00000360683 - 9606.ENSP00000264634 - 1.81
2020-08-07 14:23:11,455 - qsp_logger - INFO - start - 9606.ENSP00000360683 - 9606.ENSP00000368699
2020-08-07 14:23:11,540 - qsp_logger - INFO - end - 9606.ENSP00000360683 - 9606.ENSP00000368699 - 1.687
2020-08-07 14:23:11,540 - qsp_logger - INFO - start - 9606.ENSP00000360683 - 9606.ENSP00000343023
2020-08-07 14:23:13,869 - qsp_logger - INFO - end - 9606.ENSP00000360683 - 9606.ENSP00000343023 - 2.611
2020-08-07 14:23:13,870 - qsp_logger - INFO - start - 9606.ENSP00000360683 - 9606.ENSP00000296795
2020-08-07 14:23:16,237 - qsp_logger - INFO - end - 9606.ENSP00000360683 - 9606.ENSP00000296795 - 2.579
2020-08-07 14:23:16,237 - qsp_logger - INFO - start - 9606.ENSP00000360683 - 9606.ENSP00000356530
2020-08-07 14:23:17,451 - qsp_logger - INFO - end - 9606.ENSP00000360683 - 9606.ENSP00000356530 - 1.823
2020-08-07 14:23:17,451 - qsp_logger - INFO - start - 9606.ENSP00000360683 - 9606.ENSP00000381601
2020-08-07 14:23:18,577 - qsp_logger - INFO - end - 9606.ENSP00000360683 - 9606.ENSP00000381601 - 1.826
2020-08-07 14:23:18,577 - qsp_logger - INFO - start - 9606.ENSP00000360683 - 9606.ENSP00000338348
2020-08-07 14:23:20,231 - qsp_logger - INFO - end - 9606.ENSP00000360683 - 9606.ENSP00000338348 - 2.547
2020-08-07 14:23:20,231 - qsp_logger - INFO - start - 9606.ENSP00000360683 - 9606.ENSP00000369440
2020-08-07 14:23:22,937 - qsp_logger - INFO - end - 9606.ENSP00000360683 - 9606.ENSP00000369440 - 2.61
2020-08-07 14:23:22,937 - qsp_logger - INFO - start - 9606.ENSP00000360683 - 9606.ENSP00000423673
2020-08-07 14:23:25,525 - qsp_logger - INFO - end - 9606.ENSP00000360683 - 9606.ENSP00000423673 - 2.585
2020-08-07 14:23:25,526 - qsp_logger - INFO - start - 9606.ENSP00000360683 - 9606.ENSP00000252593
2020-08-07 14:23:26,481 - qsp_logger - INFO - end - 9606.ENSP00000360683 - 9606.ENSP00000252593 - 1.805
2020-08-07 14:23:26,481 - qsp_logger - INFO - start - 9606.ENSP00000360683 - 9606.ENSP00000215794
2020-08-07 14:23:27,578 - qsp_logger - INFO - end - 9606.ENSP00000360683 - 9606.ENSP00000215794 - 1.827
